#
# There is insufficient memory for the Java Runtime Environment to continue.
# Native memory allocation (malloc) failed to allocate 747856 bytes for Chunk::new
# Possible reasons:
#   The system is out of physical RAM or swap space
#   The process is running with CompressedOops enabled, and the Java Heap may be blocking the growth of the native heap
# Possible solutions:
#   Reduce memory load on the system
#   Increase physical memory or swap space
#   Check if swap backing store is full
#   Decrease Java heap size (-Xmx/-Xms)
#   Decrease number of Java threads
#   Decrease Java thread stack sizes (-Xss)
#   Set larger code cache with -XX:ReservedCodeCacheSize=
#   JVM is running with Unscaled Compressed Oops mode in which the Java heap is
#     placed in the first 4GB address space. The Java Heap base address is the
#     maximum limit for the native heap growth. Please use -XX:HeapBaseMinAddress
#     to set the Java Heap base and to place the Java Heap above 4GB virtual address.
# This output file may be truncated or incomplete.
#
#  Out of Memory Error (arena.cpp:184), pid=16324, tid=8956
#
# JRE version: Java(TM) SE Runtime Environment (19.0.1+10) (build 19.0.1+10-21)
# Java VM: Java HotSpot(TM) 64-Bit Server VM (19.0.1+10-21, mixed mode, sharing, tiered, compressed oops, compressed class ptrs, g1 gc, windows-amd64)
# No core dump will be written. Minidumps are not enabled by default on client versions of Windows
#

---------------  S U M M A R Y ------------

Command Line: -Dfile.encoding=UTF-8 --module-path=C:\Users\Dell\OneDrive\Documents\NetBeansProjects\Employee Management System\build\classes employee.management.system.AddEmployee

Host: 12th Gen Intel(R) Core(TM) i5-1235U, 12 cores, 7G,  Windows 11 , 64 bit Build 22621 (10.0.22621.2428)
Time: Mon Oct 16 23:27:47 2023 India Standard Time elapsed time: 0.860325 seconds (0d 0h 0m 0s)

---------------  T H R E A D  ---------------

Current thread (0x000001887c9955b0):  JavaThread "C2 CompilerThread1" daemon [_thread_in_native, id=8956, stack(0x0000005591200000,0x0000005591300000)]


Current CompileTask:
C2:    860 1390   !   4       sun.font.TrueTypeFont::getTableBuffer (215 bytes)

Stack: [0x0000005591200000,0x0000005591300000]
Native frames: (J=compiled Java code, j=interpreted, Vv=VM code, C=native code)
V  [jvm.dll+0x6ee8fa]
V  [jvm.dll+0x857a1e]
V  [jvm.dll+0x85940e]
V  [jvm.dll+0x859ac3]
V  [jvm.dll+0x28291f]
V  [jvm.dll+0xc9b5f]
V  [jvm.dll+0xc9ee5]
V  [jvm.dll+0x3bcb72]
V  [jvm.dll+0x386201]
V  [jvm.dll+0x38567a]
V  [jvm.dll+0x24c2c9]
V  [jvm.dll+0x24b671]
V  [jvm.dll+0x1d6d61]
V  [jvm.dll+0x25b0fa]
V  [jvm.dll+0x259588]
V  [jvm.dll+0x807928]
V  [jvm.dll+0x8015fa]
V  [jvm.dll+0x6ed5eb]
C  [ucrtbase.dll+0x29363]
C  [KERNEL32.DLL+0x1257d]
C  [ntdll.dll+0x5aa78]


---------------  P R O C E S S  ---------------

Threads class SMR info:
_java_thread_list=0x000001887ca117c0, length=19, elements={
0x00000188776193f0, 0x0000018877619fe0, 0x000001887761b370, 0x000001887761ccb0,
0x000001887761f5f0, 0x000001887761ff20, 0x0000018877620ee0, 0x0000018877623860,
0x00000188776261e0, 0x000001887b8c3b10, 0x000001887b920b00, 0x000001887baf72e0,
0x000001887baf7820, 0x000001887bb43cb0, 0x000001887ca29a70, 0x000001887c5a61e0,
0x0000018858bd63a0, 0x000001887c9955b0, 0x000001887ca16770
}

Java Threads: ( => current thread )
  0x00000188776193f0 JavaThread "Reference Handler" daemon [_thread_blocked, id=11412, stack(0x0000005590600000,0x0000005590700000)]
  0x0000018877619fe0 JavaThread "Finalizer" daemon [_thread_blocked, id=22252, stack(0x0000005590700000,0x0000005590800000)]
  0x000001887761b370 JavaThread "Signal Dispatcher" daemon [_thread_blocked, id=17308, stack(0x0000005590800000,0x0000005590900000)]
  0x000001887761ccb0 JavaThread "Attach Listener" daemon [_thread_blocked, id=8572, stack(0x0000005590900000,0x0000005590a00000)]
  0x000001887761f5f0 JavaThread "Service Thread" daemon [_thread_blocked, id=23960, stack(0x0000005590a00000,0x0000005590b00000)]
  0x000001887761ff20 JavaThread "Monitor Deflation Thread" daemon [_thread_blocked, id=11144, stack(0x0000005590b00000,0x0000005590c00000)]
  0x0000018877620ee0 JavaThread "C2 CompilerThread0" daemon [_thread_blocked, id=17056, stack(0x0000005590c00000,0x0000005590d00000)]
  0x0000018877623860 JavaThread "C1 CompilerThread0" daemon [_thread_blocked, id=16516, stack(0x0000005590d00000,0x0000005590e00000)]
  0x00000188776261e0 JavaThread "Sweeper thread" daemon [_thread_blocked, id=5040, stack(0x0000005590e00000,0x0000005590f00000)]
  0x000001887b8c3b10 JavaThread "Common-Cleaner" daemon [_thread_blocked, id=10472, stack(0x0000005590f00000,0x0000005591000000)]
  0x000001887b920b00 JavaThread "Notification Thread" daemon [_thread_blocked, id=23964, stack(0x0000005591000000,0x0000005591100000)]
  0x000001887baf72e0 JavaThread "Java2D Disposer" daemon [_thread_blocked, id=24936, stack(0x0000005591300000,0x0000005591400000)]
  0x000001887baf7820 JavaThread "AWT-Shutdown" [_thread_blocked, id=864, stack(0x0000005591400000,0x0000005591500000)]
  0x000001887bb43cb0 JavaThread "AWT-Windows" daemon [_thread_in_native, id=1924, stack(0x0000005591500000,0x0000005591600000)]
  0x000001887ca29a70 JavaThread "AWT-EventQueue-0" [_thread_blocked, id=18960, stack(0x0000005591600000,0x0000005591700000)]
  0x000001887c5a61e0 JavaThread "Image Fetcher 0" daemon [_thread_blocked, id=20084, stack(0x0000005591700000,0x0000005591800000)]
  0x0000018858bd63a0 JavaThread "DestroyJavaVM" [_thread_blocked, id=17112, stack(0x000000558ff00000,0x0000005590000000)]
=>0x000001887c9955b0 JavaThread "C2 CompilerThread1" daemon [_thread_in_native, id=8956, stack(0x0000005591200000,0x0000005591300000)]
  0x000001887ca16770 JavaThread "TimerQueue" daemon [_thread_blocked, id=28476, stack(0x0000005591c00000,0x0000005591d00000)]

Other Threads:
  0x00000188775fec80 VMThread "VM Thread" [stack: 0x0000005590500000,0x0000005590600000] [id=15032]
  0x000001887b921860 WatcherThread "VM Periodic Task Thread" [stack: 0x0000005591100000,0x0000005591200000] [id=10932]
  0x0000018858c35f20 WorkerThread "GC Thread#0" [stack: 0x0000005590000000,0x0000005590100000] [id=6544]
  0x0000018858c464c0 ConcurrentGCThread "G1 Main Marker" [stack: 0x0000005590100000,0x0000005590200000] [id=21612]
  0x0000018858c47090 WorkerThread "G1 Conc#0" [stack: 0x0000005590200000,0x0000005590300000] [id=18132]
  0x00000188774b7500 ConcurrentGCThread "G1 Refine#0" [stack: 0x0000005590300000,0x0000005590400000] [id=26360]
  0x00000188774b9f50 ConcurrentGCThread "G1 Service" [stack: 0x0000005590400000,0x0000005590500000] [id=20908]

Threads with active compile tasks:
C2 CompilerThread1      884 1390   !   4       sun.font.TrueTypeFont::getTableBuffer (215 bytes)

VM state: not at safepoint (normal execution)

VM Mutex/Monitor currently owned by a thread: None

Heap address: 0x0000000084e00000, size: 1970 MB, Compressed Oops mode: 32-bit

CDS archive(s) mapped at: [0x0000000800000000-0x0000000800c40000-0x0000000800c40000), size 12845056, SharedBaseAddress: 0x0000000800000000, ArchiveRelocationMode: 0.
Compressed class space mapped at: 0x0000000801000000-0x0000000841000000, reserved size: 1073741824
Narrow klass base: 0x0000000800000000, Narrow klass shift: 0, Narrow klass range: 0x100000000

GC Precious Log:
 CardTable entry size: 512
 Card Set container configuration: InlinePtr #cards 5 size 8 Array Of Cards #cards 12 size 40 Howl #buckets 4 coarsen threshold 1843 Howl Bitmap #cards 512 size 80 coarsen threshold 460 Card regions per heap region 1 cards per card region 2048
 CPUs: 12 total, 12 available
 Memory: 7876M
 Large Page Support: Disabled
 NUMA Support: Disabled
 Compressed Oops: Enabled (32-bit)
 Heap Region Size: 1M
 Heap Min Capacity: 8M
 Heap Initial Capacity: 124M
 Heap Max Capacity: 1970M
 Pre-touch: Disabled
 Parallel Workers: 10
 Concurrent Workers: 3
 Concurrent Refinement Workers: 10
 Periodic GC: Disabled

Heap:
 garbage-first heap   total 126976K, used 23552K [0x0000000084e00000, 0x0000000100000000)
  region size 1024K, 21 young (21504K), 0 survivors (0K)
 Metaspace       used 10159K, committed 10432K, reserved 1114112K
  class space    used 1206K, committed 1344K, reserved 1048576K

Heap Regions: E=young(eden), S=young(survivor), O=old, HS=humongous(starts), HC=humongous(continues), CS=collection set, F=free, OA=open archive, CA=closed archive, TAMS=top-at-mark-start (previous, next)
|   0|0x0000000084e00000, 0x0000000084f00000, 0x0000000084f00000|100%|HS|  |TAMS 0x0000000084e00000, 0x0000000084e00000| Complete 
|   1|0x0000000084f00000, 0x0000000085000000, 0x0000000085000000|100%|HC|  |TAMS 0x0000000084f00000, 0x0000000084f00000| Complete 
|   2|0x0000000085000000, 0x0000000085100000, 0x0000000085100000|100%|HC|  |TAMS 0x0000000085000000, 0x0000000085000000| Complete 
|   3|0x0000000085100000, 0x0000000085100000, 0x0000000085200000|  0%| F|  |TAMS 0x0000000085100000, 0x0000000085100000| Untracked 
|   4|0x0000000085200000, 0x0000000085200000, 0x0000000085300000|  0%| F|  |TAMS 0x0000000085200000, 0x0000000085200000| Untracked 
|   5|0x0000000085300000, 0x0000000085300000, 0x0000000085400000|  0%| F|  |TAMS 0x0000000085300000, 0x0000000085300000| Untracked 
|   6|0x0000000085400000, 0x0000000085400000, 0x0000000085500000|  0%| F|  |TAMS 0x0000000085400000, 0x0000000085400000| Untracked 
|   7|0x0000000085500000, 0x0000000085500000, 0x0000000085600000|  0%| F|  |TAMS 0x0000000085500000, 0x0000000085500000| Untracked 
|   8|0x0000000085600000, 0x0000000085600000, 0x0000000085700000|  0%| F|  |TAMS 0x0000000085600000, 0x0000000085600000| Untracked 
|   9|0x0000000085700000, 0x0000000085700000, 0x0000000085800000|  0%| F|  |TAMS 0x0000000085700000, 0x0000000085700000| Untracked 
|  10|0x0000000085800000, 0x0000000085800000, 0x0000000085900000|  0%| F|  |TAMS 0x0000000085800000, 0x0000000085800000| Untracked 
|  11|0x0000000085900000, 0x0000000085900000, 0x0000000085a00000|  0%| F|  |TAMS 0x0000000085900000, 0x0000000085900000| Untracked 
|  12|0x0000000085a00000, 0x0000000085a00000, 0x0000000085b00000|  0%| F|  |TAMS 0x0000000085a00000, 0x0000000085a00000| Untracked 
|  13|0x0000000085b00000, 0x0000000085b00000, 0x0000000085c00000|  0%| F|  |TAMS 0x0000000085b00000, 0x0000000085b00000| Untracked 
|  14|0x0000000085c00000, 0x0000000085c00000, 0x0000000085d00000|  0%| F|  |TAMS 0x0000000085c00000, 0x0000000085c00000| Untracked 
|  15|0x0000000085d00000, 0x0000000085d00000, 0x0000000085e00000|  0%| F|  |TAMS 0x0000000085d00000, 0x0000000085d00000| Untracked 
|  16|0x0000000085e00000, 0x0000000085e00000, 0x0000000085f00000|  0%| F|  |TAMS 0x0000000085e00000, 0x0000000085e00000| Untracked 
|  17|0x0000000085f00000, 0x0000000085f00000, 0x0000000086000000|  0%| F|  |TAMS 0x0000000085f00000, 0x0000000085f00000| Untracked 
|  18|0x0000000086000000, 0x0000000086000000, 0x0000000086100000|  0%| F|  |TAMS 0x0000000086000000, 0x0000000086000000| Untracked 
|  19|0x0000000086100000, 0x0000000086100000, 0x0000000086200000|  0%| F|  |TAMS 0x0000000086100000, 0x0000000086100000| Untracked 
|  20|0x0000000086200000, 0x0000000086200000, 0x0000000086300000|  0%| F|  |TAMS 0x0000000086200000, 0x0000000086200000| Untracked 
|  21|0x0000000086300000, 0x0000000086300000, 0x0000000086400000|  0%| F|  |TAMS 0x0000000086300000, 0x0000000086300000| Untracked 
|  22|0x0000000086400000, 0x0000000086400000, 0x0000000086500000|  0%| F|  |TAMS 0x0000000086400000, 0x0000000086400000| Untracked 
|  23|0x0000000086500000, 0x0000000086500000, 0x0000000086600000|  0%| F|  |TAMS 0x0000000086500000, 0x0000000086500000| Untracked 
|  24|0x0000000086600000, 0x0000000086600000, 0x0000000086700000|  0%| F|  |TAMS 0x0000000086600000, 0x0000000086600000| Untracked 
|  25|0x0000000086700000, 0x0000000086700000, 0x0000000086800000|  0%| F|  |TAMS 0x0000000086700000, 0x0000000086700000| Untracked 
|  26|0x0000000086800000, 0x0000000086800000, 0x0000000086900000|  0%| F|  |TAMS 0x0000000086800000, 0x0000000086800000| Untracked 
|  27|0x0000000086900000, 0x0000000086900000, 0x0000000086a00000|  0%| F|  |TAMS 0x0000000086900000, 0x0000000086900000| Untracked 
|  28|0x0000000086a00000, 0x0000000086a00000, 0x0000000086b00000|  0%| F|  |TAMS 0x0000000086a00000, 0x0000000086a00000| Untracked 
|  29|0x0000000086b00000, 0x0000000086b00000, 0x0000000086c00000|  0%| F|  |TAMS 0x0000000086b00000, 0x0000000086b00000| Untracked 
|  30|0x0000000086c00000, 0x0000000086c00000, 0x0000000086d00000|  0%| F|  |TAMS 0x0000000086c00000, 0x0000000086c00000| Untracked 
|  31|0x0000000086d00000, 0x0000000086d00000, 0x0000000086e00000|  0%| F|  |TAMS 0x0000000086d00000, 0x0000000086d00000| Untracked 
|  32|0x0000000086e00000, 0x0000000086e00000, 0x0000000086f00000|  0%| F|  |TAMS 0x0000000086e00000, 0x0000000086e00000| Untracked 
|  33|0x0000000086f00000, 0x0000000086f00000, 0x0000000087000000|  0%| F|  |TAMS 0x0000000086f00000, 0x0000000086f00000| Untracked 
|  34|0x0000000087000000, 0x0000000087000000, 0x0000000087100000|  0%| F|  |TAMS 0x0000000087000000, 0x0000000087000000| Untracked 
|  35|0x0000000087100000, 0x0000000087100000, 0x0000000087200000|  0%| F|  |TAMS 0x0000000087100000, 0x0000000087100000| Untracked 
|  36|0x0000000087200000, 0x0000000087200000, 0x0000000087300000|  0%| F|  |TAMS 0x0000000087200000, 0x0000000087200000| Untracked 
|  37|0x0000000087300000, 0x0000000087300000, 0x0000000087400000|  0%| F|  |TAMS 0x0000000087300000, 0x0000000087300000| Untracked 
|  38|0x0000000087400000, 0x0000000087400000, 0x0000000087500000|  0%| F|  |TAMS 0x0000000087400000, 0x0000000087400000| Untracked 
|  39|0x0000000087500000, 0x0000000087500000, 0x0000000087600000|  0%| F|  |TAMS 0x0000000087500000, 0x0000000087500000| Untracked 
|  40|0x0000000087600000, 0x0000000087600000, 0x0000000087700000|  0%| F|  |TAMS 0x0000000087600000, 0x0000000087600000| Untracked 
|  41|0x0000000087700000, 0x0000000087700000, 0x0000000087800000|  0%| F|  |TAMS 0x0000000087700000, 0x0000000087700000| Untracked 
|  42|0x0000000087800000, 0x0000000087800000, 0x0000000087900000|  0%| F|  |TAMS 0x0000000087800000, 0x0000000087800000| Untracked 
|  43|0x0000000087900000, 0x0000000087900000, 0x0000000087a00000|  0%| F|  |TAMS 0x0000000087900000, 0x0000000087900000| Untracked 
|  44|0x0000000087a00000, 0x0000000087a00000, 0x0000000087b00000|  0%| F|  |TAMS 0x0000000087a00000, 0x0000000087a00000| Untracked 
|  45|0x0000000087b00000, 0x0000000087b00000, 0x0000000087c00000|  0%| F|  |TAMS 0x0000000087b00000, 0x0000000087b00000| Untracked 
|  46|0x0000000087c00000, 0x0000000087c00000, 0x0000000087d00000|  0%| F|  |TAMS 0x0000000087c00000, 0x0000000087c00000| Untracked 
|  47|0x0000000087d00000, 0x0000000087d00000, 0x0000000087e00000|  0%| F|  |TAMS 0x0000000087d00000, 0x0000000087d00000| Untracked 
|  48|0x0000000087e00000, 0x0000000087e00000, 0x0000000087f00000|  0%| F|  |TAMS 0x0000000087e00000, 0x0000000087e00000| Untracked 
|  49|0x0000000087f00000, 0x0000000087f00000, 0x0000000088000000|  0%| F|  |TAMS 0x0000000087f00000, 0x0000000087f00000| Untracked 
|  50|0x0000000088000000, 0x0000000088000000, 0x0000000088100000|  0%| F|  |TAMS 0x0000000088000000, 0x0000000088000000| Untracked 
|  51|0x0000000088100000, 0x0000000088100000, 0x0000000088200000|  0%| F|  |TAMS 0x0000000088100000, 0x0000000088100000| Untracked 
|  52|0x0000000088200000, 0x0000000088200000, 0x0000000088300000|  0%| F|  |TAMS 0x0000000088200000, 0x0000000088200000| Untracked 
|  53|0x0000000088300000, 0x0000000088300000, 0x0000000088400000|  0%| F|  |TAMS 0x0000000088300000, 0x0000000088300000| Untracked 
|  54|0x0000000088400000, 0x0000000088400000, 0x0000000088500000|  0%| F|  |TAMS 0x0000000088400000, 0x0000000088400000| Untracked 
|  55|0x0000000088500000, 0x0000000088500000, 0x0000000088600000|  0%| F|  |TAMS 0x0000000088500000, 0x0000000088500000| Untracked 
|  56|0x0000000088600000, 0x0000000088600000, 0x0000000088700000|  0%| F|  |TAMS 0x0000000088600000, 0x0000000088600000| Untracked 
|  57|0x0000000088700000, 0x0000000088700000, 0x0000000088800000|  0%| F|  |TAMS 0x0000000088700000, 0x0000000088700000| Untracked 
|  58|0x0000000088800000, 0x0000000088800000, 0x0000000088900000|  0%| F|  |TAMS 0x0000000088800000, 0x0000000088800000| Untracked 
|  59|0x0000000088900000, 0x0000000088900000, 0x0000000088a00000|  0%| F|  |TAMS 0x0000000088900000, 0x0000000088900000| Untracked 
|  60|0x0000000088a00000, 0x0000000088a00000, 0x0000000088b00000|  0%| F|  |TAMS 0x0000000088a00000, 0x0000000088a00000| Untracked 
|  61|0x0000000088b00000, 0x0000000088b00000, 0x0000000088c00000|  0%| F|  |TAMS 0x0000000088b00000, 0x0000000088b00000| Untracked 
|  62|0x0000000088c00000, 0x0000000088c00000, 0x0000000088d00000|  0%| F|  |TAMS 0x0000000088c00000, 0x0000000088c00000| Untracked 
|  63|0x0000000088d00000, 0x0000000088d00000, 0x0000000088e00000|  0%| F|  |TAMS 0x0000000088d00000, 0x0000000088d00000| Untracked 
|  64|0x0000000088e00000, 0x0000000088e00000, 0x0000000088f00000|  0%| F|  |TAMS 0x0000000088e00000, 0x0000000088e00000| Untracked 
|  65|0x0000000088f00000, 0x0000000088f00000, 0x0000000089000000|  0%| F|  |TAMS 0x0000000088f00000, 0x0000000088f00000| Untracked 
|  66|0x0000000089000000, 0x0000000089000000, 0x0000000089100000|  0%| F|  |TAMS 0x0000000089000000, 0x0000000089000000| Untracked 
|  67|0x0000000089100000, 0x0000000089100000, 0x0000000089200000|  0%| F|  |TAMS 0x0000000089100000, 0x0000000089100000| Untracked 
|  68|0x0000000089200000, 0x0000000089200000, 0x0000000089300000|  0%| F|  |TAMS 0x0000000089200000, 0x0000000089200000| Untracked 
|  69|0x0000000089300000, 0x0000000089300000, 0x0000000089400000|  0%| F|  |TAMS 0x0000000089300000, 0x0000000089300000| Untracked 
|  70|0x0000000089400000, 0x0000000089400000, 0x0000000089500000|  0%| F|  |TAMS 0x0000000089400000, 0x0000000089400000| Untracked 
|  71|0x0000000089500000, 0x0000000089500000, 0x0000000089600000|  0%| F|  |TAMS 0x0000000089500000, 0x0000000089500000| Untracked 
|  72|0x0000000089600000, 0x0000000089600000, 0x0000000089700000|  0%| F|  |TAMS 0x0000000089600000, 0x0000000089600000| Untracked 
|  73|0x0000000089700000, 0x0000000089700000, 0x0000000089800000|  0%| F|  |TAMS 0x0000000089700000, 0x0000000089700000| Untracked 
|  74|0x0000000089800000, 0x0000000089800000, 0x0000000089900000|  0%| F|  |TAMS 0x0000000089800000, 0x0000000089800000| Untracked 
|  75|0x0000000089900000, 0x0000000089900000, 0x0000000089a00000|  0%| F|  |TAMS 0x0000000089900000, 0x0000000089900000| Untracked 
|  76|0x0000000089a00000, 0x0000000089a00000, 0x0000000089b00000|  0%| F|  |TAMS 0x0000000089a00000, 0x0000000089a00000| Untracked 
|  77|0x0000000089b00000, 0x0000000089b00000, 0x0000000089c00000|  0%| F|  |TAMS 0x0000000089b00000, 0x0000000089b00000| Untracked 
|  78|0x0000000089c00000, 0x0000000089c00000, 0x0000000089d00000|  0%| F|  |TAMS 0x0000000089c00000, 0x0000000089c00000| Untracked 
|  79|0x0000000089d00000, 0x0000000089d00000, 0x0000000089e00000|  0%| F|  |TAMS 0x0000000089d00000, 0x0000000089d00000| Untracked 
|  80|0x0000000089e00000, 0x0000000089e00000, 0x0000000089f00000|  0%| F|  |TAMS 0x0000000089e00000, 0x0000000089e00000| Untracked 
|  81|0x0000000089f00000, 0x0000000089f00000, 0x000000008a000000|  0%| F|  |TAMS 0x0000000089f00000, 0x0000000089f00000| Untracked 
|  82|0x000000008a000000, 0x000000008a000000, 0x000000008a100000|  0%| F|  |TAMS 0x000000008a000000, 0x000000008a000000| Untracked 
|  83|0x000000008a100000, 0x000000008a100000, 0x000000008a200000|  0%| F|  |TAMS 0x000000008a100000, 0x000000008a100000| Untracked 
|  84|0x000000008a200000, 0x000000008a200000, 0x000000008a300000|  0%| F|  |TAMS 0x000000008a200000, 0x000000008a200000| Untracked 
|  85|0x000000008a300000, 0x000000008a300000, 0x000000008a400000|  0%| F|  |TAMS 0x000000008a300000, 0x000000008a300000| Untracked 
|  86|0x000000008a400000, 0x000000008a400000, 0x000000008a500000|  0%| F|  |TAMS 0x000000008a400000, 0x000000008a400000| Untracked 
|  87|0x000000008a500000, 0x000000008a500000, 0x000000008a600000|  0%| F|  |TAMS 0x000000008a500000, 0x000000008a500000| Untracked 
|  88|0x000000008a600000, 0x000000008a600000, 0x000000008a700000|  0%| F|  |TAMS 0x000000008a600000, 0x000000008a600000| Untracked 
|  89|0x000000008a700000, 0x000000008a700000, 0x000000008a800000|  0%| F|  |TAMS 0x000000008a700000, 0x000000008a700000| Untracked 
|  90|0x000000008a800000, 0x000000008a800000, 0x000000008a900000|  0%| F|  |TAMS 0x000000008a800000, 0x000000008a800000| Untracked 
|  91|0x000000008a900000, 0x000000008a900000, 0x000000008aa00000|  0%| F|  |TAMS 0x000000008a900000, 0x000000008a900000| Untracked 
|  92|0x000000008aa00000, 0x000000008aa00000, 0x000000008ab00000|  0%| F|  |TAMS 0x000000008aa00000, 0x000000008aa00000| Untracked 
|  93|0x000000008ab00000, 0x000000008ab00000, 0x000000008ac00000|  0%| F|  |TAMS 0x000000008ab00000, 0x000000008ab00000| Untracked 
|  94|0x000000008ac00000, 0x000000008ac00000, 0x000000008ad00000|  0%| F|  |TAMS 0x000000008ac00000, 0x000000008ac00000| Untracked 
|  95|0x000000008ad00000, 0x000000008ad00000, 0x000000008ae00000|  0%| F|  |TAMS 0x000000008ad00000, 0x000000008ad00000| Untracked 
|  96|0x000000008ae00000, 0x000000008ae00000, 0x000000008af00000|  0%| F|  |TAMS 0x000000008ae00000, 0x000000008ae00000| Untracked 
|  97|0x000000008af00000, 0x000000008af00000, 0x000000008b000000|  0%| F|  |TAMS 0x000000008af00000, 0x000000008af00000| Untracked 
|  98|0x000000008b000000, 0x000000008b000000, 0x000000008b100000|  0%| F|  |TAMS 0x000000008b000000, 0x000000008b000000| Untracked 
|  99|0x000000008b100000, 0x000000008b100000, 0x000000008b200000|  0%| F|  |TAMS 0x000000008b100000, 0x000000008b100000| Untracked 
| 100|0x000000008b200000, 0x000000008b200000, 0x000000008b300000|  0%| F|  |TAMS 0x000000008b200000, 0x000000008b200000| Untracked 
| 101|0x000000008b300000, 0x000000008b300000, 0x000000008b400000|  0%| F|  |TAMS 0x000000008b300000, 0x000000008b300000| Untracked 
| 102|0x000000008b400000, 0x000000008b400000, 0x000000008b500000|  0%| F|  |TAMS 0x000000008b400000, 0x000000008b400000| Untracked 
| 103|0x000000008b500000, 0x000000008b5ec0f0, 0x000000008b600000| 92%| E|  |TAMS 0x000000008b500000, 0x000000008b500000| Complete 
| 104|0x000000008b600000, 0x000000008b700000, 0x000000008b700000|100%| E|CS|TAMS 0x000000008b600000, 0x000000008b600000| Complete 
| 105|0x000000008b700000, 0x000000008b800000, 0x000000008b800000|100%| E|CS|TAMS 0x000000008b700000, 0x000000008b700000| Complete 
| 106|0x000000008b800000, 0x000000008b900000, 0x000000008b900000|100%| E|CS|TAMS 0x000000008b800000, 0x000000008b800000| Complete 
| 107|0x000000008b900000, 0x000000008ba00000, 0x000000008ba00000|100%| E|CS|TAMS 0x000000008b900000, 0x000000008b900000| Complete 
| 108|0x000000008ba00000, 0x000000008bb00000, 0x000000008bb00000|100%| E|CS|TAMS 0x000000008ba00000, 0x000000008ba00000| Complete 
| 109|0x000000008bb00000, 0x000000008bc00000, 0x000000008bc00000|100%| E|CS|TAMS 0x000000008bb00000, 0x000000008bb00000| Complete 
| 110|0x000000008bc00000, 0x000000008bd00000, 0x000000008bd00000|100%| E|CS|TAMS 0x000000008bc00000, 0x000000008bc00000| Complete 
| 111|0x000000008bd00000, 0x000000008be00000, 0x000000008be00000|100%| E|CS|TAMS 0x000000008bd00000, 0x000000008bd00000| Complete 
| 112|0x000000008be00000, 0x000000008bf00000, 0x000000008bf00000|100%| E|CS|TAMS 0x000000008be00000, 0x000000008be00000| Complete 
| 113|0x000000008bf00000, 0x000000008c000000, 0x000000008c000000|100%| E|CS|TAMS 0x000000008bf00000, 0x000000008bf00000| Complete 
| 114|0x000000008c000000, 0x000000008c100000, 0x000000008c100000|100%| E|CS|TAMS 0x000000008c000000, 0x000000008c000000| Complete 
| 115|0x000000008c100000, 0x000000008c200000, 0x000000008c200000|100%| E|CS|TAMS 0x000000008c100000, 0x000000008c100000| Complete 
| 116|0x000000008c200000, 0x000000008c300000, 0x000000008c300000|100%| E|CS|TAMS 0x000000008c200000, 0x000000008c200000| Complete 
| 117|0x000000008c300000, 0x000000008c400000, 0x000000008c400000|100%| E|CS|TAMS 0x000000008c300000, 0x000000008c300000| Complete 
| 118|0x000000008c400000, 0x000000008c500000, 0x000000008c500000|100%| E|CS|TAMS 0x000000008c400000, 0x000000008c400000| Complete 
| 119|0x000000008c500000, 0x000000008c600000, 0x000000008c600000|100%| E|CS|TAMS 0x000000008c500000, 0x000000008c500000| Complete 
| 120|0x000000008c600000, 0x000000008c700000, 0x000000008c700000|100%| E|CS|TAMS 0x000000008c600000, 0x000000008c600000| Complete 
| 121|0x000000008c700000, 0x000000008c800000, 0x000000008c800000|100%| E|CS|TAMS 0x000000008c700000, 0x000000008c700000| Complete 
| 122|0x000000008c800000, 0x000000008c900000, 0x000000008c900000|100%| E|CS|TAMS 0x000000008c800000, 0x000000008c800000| Complete 
| 123|0x000000008c900000, 0x000000008ca00000, 0x000000008ca00000|100%| E|CS|TAMS 0x000000008c900000, 0x000000008c900000| Complete 

Card table byte_map: [0x0000018870470000,0x0000018870850000] _byte_map_base: 0x0000018870049000

Marking Bits (Prev, Next): (CMBitMap*) 0x0000018858c36550, (CMBitMap*) 0x0000018858c36590
 Prev Bits: [0x0000018870c30000, 0x0000018872af8000)
 Next Bits: [0x0000018872b00000, 0x00000188749c8000)

Polling page: 0x0000018856be0000

Metaspace:

Usage:
  Non-class:      8.74 MB used.
      Class:      1.18 MB used.
       Both:      9.92 MB used.

Virtual space:
  Non-class space:       64.00 MB reserved,       8.88 MB ( 14%) committed,  1 nodes.
      Class space:        1.00 GB reserved,       1.31 MB ( <1%) committed,  1 nodes.
             Both:        1.06 GB reserved,      10.19 MB ( <1%) committed. 

Chunk freelists:
   Non-Class:  3.00 MB
       Class:  2.72 MB
        Both:  5.72 MB

MaxMetaspaceSize: unlimited
CompressedClassSpaceSize: 1.00 GB
Initial GC threshold: 21.00 MB
Current GC threshold: 21.00 MB
CDS: on
MetaspaceReclaimPolicy: balanced
 - commit_granule_bytes: 65536.
 - commit_granule_words: 8192.
 - virtual_space_node_default_size: 8388608.
 - enlarge_chunks_in_place: 1.
 - new_chunks_are_fully_committed: 0.
 - uncommit_free_chunks: 1.
 - use_allocation_guard: 0.


Internal statistics:

num_allocs_failed_limit: 0.
num_arena_births: 154.
num_arena_deaths: 0.
num_vsnodes_births: 2.
num_vsnodes_deaths: 0.
num_space_committed: 163.
num_space_uncommitted: 0.
num_chunks_returned_to_freelist: 0.
num_chunks_taken_from_freelist: 195.
num_chunk_merges: 0.
num_chunk_splits: 130.
num_chunks_enlarged: 82.
num_inconsistent_stats: 0.

CodeHeap 'non-profiled nmethods': size=120000Kb used=442Kb max_used=442Kb free=119558Kb
 bounds [0x0000018868610000, 0x0000018868880000, 0x000001886fb40000]
CodeHeap 'profiled nmethods': size=120000Kb used=2206Kb max_used=2206Kb free=117793Kb
 bounds [0x0000018860b40000, 0x0000018860db0000, 0x0000018868070000]
CodeHeap 'non-nmethods': size=5760Kb used=1387Kb max_used=1414Kb free=4372Kb
 bounds [0x0000018868070000, 0x00000188682e0000, 0x0000018868610000]
 total_blobs=2043 nmethods=1402 adapters=552
 compilation: enabled
              stopped_count=0, restarted_count=0
 full_count=0

Compilation events (20 events):
Event: 0.847 Thread 0x0000018877623860 1395       3       java.security.ProtectionDomain$JavaSecurityAccessImpl::getCombinedACC (30 bytes)
Event: 0.847 Thread 0x0000018877623860 nmethod 1395 0x0000018860d65710 code [0x0000018860d658e0, 0x0000018860d65cd8]
Event: 0.848 Thread 0x0000018877623860 1398       3       java.awt.Component::getForeground (29 bytes)
Event: 0.848 Thread 0x0000018877623860 nmethod 1398 0x0000018860d65e90 code [0x0000018860d66060, 0x0000018860d66468]
Event: 0.849 Thread 0x0000018877623860 1399       1       sun.awt.Win32GraphicsDevice::getDefaultScaleX (5 bytes)
Event: 0.849 Thread 0x0000018877623860 nmethod 1399 0x000001886867db90 code [0x000001886867dd20, 0x000001886867ddf8]
Event: 0.849 Thread 0x0000018877623860 1400       1       sun.awt.Win32GraphicsDevice::getDefaultScaleY (5 bytes)
Event: 0.850 Thread 0x0000018877623860 nmethod 1400 0x000001886867de90 code [0x000001886867e020, 0x000001886867e0f8]
Event: 0.850 Thread 0x0000018877623860 1401       3       javax.swing.text.GapContent$MarkData::getOffset (46 bytes)
Event: 0.851 Thread 0x0000018877623860 nmethod 1401 0x0000018860d66590 code [0x0000018860d66740, 0x0000018860d66998]
Event: 0.851 Thread 0x0000018877623860 1403       3       javax.swing.text.GapContent::length (17 bytes)
Event: 0.851 Thread 0x0000018877623860 nmethod 1403 0x0000018860d66a90 code [0x0000018860d66c40, 0x0000018860d66ef8]
Event: 0.851 Thread 0x0000018877623860 1404       3       javax.swing.text.GapContent::getArrayLength (11 bytes)
Event: 0.851 Thread 0x0000018877623860 nmethod 1404 0x0000018860d67010 code [0x0000018860d671c0, 0x0000018860d673d8]
Event: 0.851 Thread 0x0000018877623860 1402       3       javax.swing.text.GapContent$StickyPosition::getOffset (8 bytes)
Event: 0.851 Thread 0x0000018877623860 nmethod 1402 0x0000018860d67490 code [0x0000018860d67640, 0x0000018860d67788]
Event: 0.851 Thread 0x0000018877623860 1396       1       java.awt.EventDispatchThread$1::evaluate (2 bytes)
Event: 0.852 Thread 0x0000018877623860 nmethod 1396 0x000001886867e190 code [0x000001886867e320, 0x000001886867e3f8]
Event: 0.852 Thread 0x0000018877623860 1397  s    1       java.awt.EventDispatchThread::getEventQueue (5 bytes)
Event: 0.852 Thread 0x0000018877623860 nmethod 1397 0x000001886867e490 code [0x000001886867e620, 0x000001886867e798]

GC Heap History (0 events):
No events

Dll operation events (10 events):
Event: 0.006 Loaded shared library C:\Program Files\Java\jdk-19\bin\java.dll
Event: 0.013 Loaded shared library C:\Program Files\Java\jdk-19\bin\jsvml.dll
Event: 0.053 Loaded shared library C:\Program Files\Java\jdk-19\bin\net.dll
Event: 0.055 Loaded shared library C:\Program Files\Java\jdk-19\bin\nio.dll
Event: 0.071 Loaded shared library C:\Program Files\Java\jdk-19\bin\zip.dll
Event: 0.090 Loaded shared library C:\Program Files\Java\jdk-19\bin\jimage.dll
Event: 0.107 Loaded shared library C:\Program Files\Java\jdk-19\bin\awt.dll
Event: 0.236 Loaded shared library C:\Program Files\Java\jdk-19\bin\verify.dll
Event: 0.323 Loaded shared library C:\Program Files\Java\jdk-19\bin\freetype.dll
Event: 0.324 Loaded shared library C:\Program Files\Java\jdk-19\bin\fontmanager.dll

Deoptimization events (20 events):
Event: 0.356 Thread 0x0000018858bd63a0 DEOPT PACKING pc=0x0000018868645a5c sp=0x000000558fffe410
Event: 0.356 Thread 0x0000018858bd63a0 DEOPT UNPACKING pc=0x00000188680d6da3 sp=0x000000558fffe3b0 mode 2
Event: 0.356 Thread 0x0000018858bd63a0 Uncommon trap: trap_request=0xffffff45 fr.pc=0x0000018868649d58 relative=0x0000000000000138
Event: 0.356 Thread 0x0000018858bd63a0 Uncommon trap: reason=unstable_if action=reinterpret pc=0x0000018868649d58 method=java.util.concurrent.locks.ReentrantLock$NonfairSync.initialTryLock()Z @ 10 c2
Event: 0.356 Thread 0x0000018858bd63a0 DEOPT PACKING pc=0x0000018868649d58 sp=0x000000558fffe4a0
Event: 0.356 Thread 0x0000018858bd63a0 DEOPT UNPACKING pc=0x00000188680d6da3 sp=0x000000558fffe448 mode 2
Event: 0.446 Thread 0x000001887c5a61e0 Uncommon trap: trap_request=0xffffff45 fr.pc=0x00000188686375ec relative=0x00000000000004ac
Event: 0.446 Thread 0x000001887c5a61e0 Uncommon trap: reason=unstable_if action=reinterpret pc=0x00000188686375ec method=java.lang.StringLatin1.replace([BCC)Ljava/lang/String; @ 19 c2
Event: 0.446 Thread 0x000001887c5a61e0 DEOPT PACKING pc=0x00000188686375ec sp=0x00000055917fed70
Event: 0.446 Thread 0x000001887c5a61e0 DEOPT UNPACKING pc=0x00000188680d6da3 sp=0x00000055917fecf0 mode 2
Event: 0.449 Thread 0x000001887c5a61e0 DEOPT PACKING pc=0x0000018860b4df67 sp=0x00000055917fe280
Event: 0.449 Thread 0x000001887c5a61e0 DEOPT UNPACKING pc=0x00000188680d7543 sp=0x00000055917fd6a0 mode 0
Event: 0.797 Thread 0x000001887ca29a70 Uncommon trap: trap_request=0xffffff45 fr.pc=0x000001886861a5b4 relative=0x0000000000000094
Event: 0.797 Thread 0x000001887ca29a70 Uncommon trap: reason=unstable_if action=reinterpret pc=0x000001886861a5b4 method=java.lang.String.isLatin1()Z @ 10 c2
Event: 0.798 Thread 0x000001887ca29a70 DEOPT PACKING pc=0x000001886861a5b4 sp=0x00000055916fd570
Event: 0.798 Thread 0x000001887ca29a70 DEOPT UNPACKING pc=0x00000188680d6da3 sp=0x00000055916fd4a0 mode 2
Event: 0.826 Thread 0x000001887ca29a70 Uncommon trap: trap_request=0xffffff45 fr.pc=0x0000018868669f50 relative=0x0000000000000490
Event: 0.826 Thread 0x000001887ca29a70 Uncommon trap: reason=unstable_if action=reinterpret pc=0x0000018868669f50 method=java.lang.StringLatin1.toLowerCase(Ljava/lang/String;[BLjava/util/Locale;)Ljava/lang/String; @ 43 c2
Event: 0.826 Thread 0x000001887ca29a70 DEOPT PACKING pc=0x0000018868669f50 sp=0x00000055916fd720
Event: 0.826 Thread 0x000001887ca29a70 DEOPT UNPACKING pc=0x00000188680d6da3 sp=0x00000055916fd690 mode 2

Classes loaded (20 events):
Event: 0.843 Loading class java/text/AttributedString$AttributedStringIterator
Event: 0.843 Loading class java/text/AttributedCharacterIterator
Event: 0.843 Loading class java/text/AttributedCharacterIterator done
Event: 0.843 Loading class java/text/AttributedString$AttributedStringIterator done
Event: 0.844 Loading class javax/swing/TimerQueue
Event: 0.844 Loading class javax/swing/TimerQueue done
Event: 0.844 Loading class java/util/concurrent/DelayQueue
Event: 0.844 Loading class java/util/concurrent/BlockingQueue
Event: 0.844 Loading class java/util/concurrent/BlockingQueue done
Event: 0.844 Loading class java/util/concurrent/DelayQueue done
Event: 0.844 Loading class java/util/PriorityQueue
Event: 0.844 Loading class java/util/PriorityQueue done
Event: 0.845 Loading class javax/swing/TimerQueue$DelayedTimer
Event: 0.845 Loading class java/util/concurrent/Delayed
Event: 0.845 Loading class java/util/concurrent/Delayed done
Event: 0.845 Loading class javax/swing/TimerQueue$DelayedTimer done
Event: 0.845 Loading class java/util/concurrent/TimeUnit$1
Event: 0.845 Loading class java/util/concurrent/TimeUnit$1 done
Event: 0.851 Loading class java/awt/LightweightDispatcher$2
Event: 0.851 Loading class java/awt/LightweightDispatcher$2 done

Classes unloaded (0 events):
No events

Classes redefined (0 events):
No events

Internal exceptions (17 events):
Event: 0.056 Thread 0x0000018858bd63a0 Exception <a 'sun/nio/fs/WindowsException'{0x000000008c845d98}> (0x000000008c845d98) 
thrown [s\open\src\hotspot\share\prims\jni.cpp, line 517]
Event: 0.056 Thread 0x0000018858bd63a0 Exception <a 'sun/nio/fs/WindowsException'{0x000000008c846358}> (0x000000008c846358) 
thrown [s\open\src\hotspot\share\prims\jni.cpp, line 517]
Event: 0.057 Thread 0x0000018858bd63a0 Exception <a 'sun/nio/fs/WindowsException'{0x000000008c848950}> (0x000000008c848950) 
thrown [s\open\src\hotspot\share\prims\jni.cpp, line 517]
Event: 0.058 Thread 0x0000018858bd63a0 Exception <a 'sun/nio/fs/WindowsException'{0x000000008c8494e8}> (0x000000008c8494e8) 
thrown [s\open\src\hotspot\share\prims\jni.cpp, line 517]
Event: 0.100 Thread 0x0000018858bd63a0 Exception <a 'java/lang/ClassNotFoundException'{0x000000008c7a9930}: sun/awt/resources/spi/awtProvider> (0x000000008c7a9930) 
thrown [s\open\src\hotspot\share\classfile\systemDictionary.cpp, line 255]
Event: 0.116 Thread 0x0000018858bd63a0 Exception <a 'java/io/FileNotFoundException'{0x000000008c6012e8}> (0x000000008c6012e8) 
thrown [s\open\src\hotspot\share\prims\jni.cpp, line 517]
Event: 0.122 Thread 0x0000018858bd63a0 Exception <a 'java/io/FileNotFoundException'{0x000000008c62d7e0}> (0x000000008c62d7e0) 
thrown [s\open\src\hotspot\share\prims\jni.cpp, line 517]
Event: 0.154 Thread 0x0000018858bd63a0 Exception <a 'java/lang/NoSuchMethodError'{0x000000008c6721e8}: 'java.lang.Object java.lang.invoke.DirectMethodHandle$Holder.invokeStaticInit(java.lang.Object)'> (0x000000008c6721e8) 
thrown [s\open\src\hotspot\share\interpreter\linkResolver.cpp, line 774]
Event: 0.182 Thread 0x0000018858bd63a0 Exception <a 'java/lang/NoSuchMethodError'{0x000000008c6c6d68}: 'void java.lang.invoke.DirectMethodHandle$Holder.invokeSpecial(java.lang.Object, java.lang.Object, java.lang.Object)'> (0x000000008c6c6d68) 
thrown [s\open\src\hotspot\share\interpreter\linkResolver.cpp, line 774]
Event: 0.190 Thread 0x0000018858bd63a0 Exception <a 'java/lang/NoSuchMethodError'{0x000000008c57c240}: 'java.lang.Object java.lang.invoke.DirectMethodHandle$Holder.newInvokeSpecial(java.lang.Object, java.lang.Object, java.lang.Object, java.lang.Object, java.lang.Object)'> (0x000000008c57c240) 
thrown [s\open\src\hotspot\share\interpreter\linkResolver.cpp, line 774]
Event: 0.194 Thread 0x0000018858bd63a0 Exception <a 'java/lang/NoSuchMethodError'{0x000000008c5ad928}: 'java.lang.Object java.lang.invoke.DirectMethodHandle$Holder.invokeStatic(java.lang.Object, int, java.lang.Object)'> (0x000000008c5ad928) 
thrown [s\open\src\hotspot\share\interpreter\linkResolver.cpp, line 774]
Event: 0.213 Thread 0x0000018858bd63a0 Exception <a 'java/lang/ClassNotFoundException'{0x000000008c469398}: com/sun/swing/internal/plaf/metal/resources/spi/metalProvider> (0x000000008c469398) 
thrown [s\open\src\hotspot\share\classfile\systemDictionary.cpp, line 255]
Event: 0.214 Thread 0x0000018858bd63a0 Exception <a 'java/lang/ClassNotFoundException'{0x000000008c46d368}: com/sun/swing/internal/plaf/basic/resources/spi/basicProvider> (0x000000008c46d368) 
thrown [s\open\src\hotspot\share\classfile\systemDictionary.cpp, line 255]
Event: 0.219 Thread 0x0000018858bd63a0 Exception <a 'java/lang/NoSuchMethodError'{0x000000008c48d278}: 'int java.lang.invoke.Invokers$Holder.invokeExact_MT(java.lang.Object, java.lang.Object)'> (0x000000008c48d278) 
thrown [s\open\src\hotspot\share\interpreter\linkResolver.cpp, line 774]
Event: 0.450 Thread 0x000001887c5a61e0 Exception <a 'java/lang/NoSuchMethodError'{0x000000008bf012a8}: 'java.lang.Object java.lang.invoke.DirectMethodHandle$Holder.newInvokeSpecial(java.lang.Object, java.lang.Object, java.lang.Object, int, int, int, int, int)'> (0x000000008bf012a8) 
thrown [s\open\src\hotspot\share\interpreter\linkResolver.cpp, line 774]
Event: 0.485 Thread 0x0000018858bd63a0 Exception <a 'java/lang/NoSuchMethodError'{0x000000008c0c5028}: 'void java.lang.invoke.DirectMethodHandle$Holder.invokeStaticInit(java.lang.Object)'> (0x000000008c0c5028) 
thrown [s\open\src\hotspot\share\interpreter\linkResolver.cpp, line 774]
Event: 0.548 Thread 0x000001887bb43cb0 Exception <a 'java/lang/NoSuchMethodError'{0x000000008c50fc20}: 'void java.lang.invoke.DirectMethodHandle$Holder.invokeVirtual(java.lang.Object, java.lang.Object)'> (0x000000008c50fc20) 
thrown [s\open\src\hotspot\share\interpreter\linkResolver.cpp, line 774]

VM Operations (16 events):
Event: 0.059 Executing VM operation: HandshakeAllThreads
Event: 0.059 Executing VM operation: HandshakeAllThreads done
Event: 0.126 Executing VM operation: HandshakeAllThreads
Event: 0.127 Executing VM operation: HandshakeAllThreads done
Event: 0.233 Executing VM operation: HandshakeAllThreads
Event: 0.233 Executing VM operation: HandshakeAllThreads done
Event: 0.269 Executing VM operation: HandshakeAllThreads
Event: 0.269 Executing VM operation: HandshakeAllThreads done
Event: 0.358 Executing VM operation: HandshakeAllThreads
Event: 0.358 Executing VM operation: HandshakeAllThreads done
Event: 0.497 Executing VM operation: HandshakeAllThreads
Event: 0.497 Executing VM operation: HandshakeAllThreads done
Event: 0.575 Executing VM operation: HandshakeAllThreads
Event: 0.575 Executing VM operation: HandshakeAllThreads done
Event: 0.749 Executing VM operation: ICBufferFull
Event: 0.749 Executing VM operation: ICBufferFull done

Events (20 events):
Event: 0.022 Thread 0x000001887761b370 Thread added: 0x000001887761b370
Event: 0.022 Thread 0x000001887761ccb0 Thread added: 0x000001887761ccb0
Event: 0.022 Thread 0x000001887761f5f0 Thread added: 0x000001887761f5f0
Event: 0.022 Thread 0x000001887761ff20 Thread added: 0x000001887761ff20
Event: 0.022 Thread 0x0000018877620ee0 Thread added: 0x0000018877620ee0
Event: 0.022 Thread 0x0000018877623860 Thread added: 0x0000018877623860
Event: 0.022 Thread 0x00000188776261e0 Thread added: 0x00000188776261e0
Event: 0.044 Thread 0x000001887b8c3b10 Thread added: 0x000001887b8c3b10
Event: 0.066 Thread 0x000001887b920b00 Thread added: 0x000001887b920b00
Event: 0.072 Thread 0x000001887b9876b0 Thread added: 0x000001887b9876b0
Event: 0.155 Thread 0x000001887baf72e0 Thread added: 0x000001887baf72e0
Event: 0.155 Thread 0x000001887baf7820 Thread added: 0x000001887baf7820
Event: 0.156 Thread 0x000001887bb43cb0 Thread added: 0x000001887bb43cb0
Event: 0.356 Thread 0x000001887ca29a70 Thread added: 0x000001887ca29a70
Event: 0.445 Thread 0x000001887c5a61e0 Thread added: 0x000001887c5a61e0
Event: 0.581 Thread 0x0000018858bd63a0 Thread exited: 0x0000018858bd63a0
Event: 0.581 Thread 0x0000018858bd63a0 Thread added: 0x0000018858bd63a0
Event: 0.610 Thread 0x000001887b9876b0 Thread exited: 0x000001887b9876b0
Event: 0.688 Thread 0x000001887c9955b0 Thread added: 0x000001887c9955b0
Event: 0.845 Thread 0x000001887ca16770 Thread added: 0x000001887ca16770


Dynamic libraries:
0x00007ff79a1d0000 - 0x00007ff79a1e0000 	C:\Program Files\Java\jdk-19\bin\java.exe
0x00007ffc5a930000 - 0x00007ffc5ab47000 	C:\WINDOWS\SYSTEM32\ntdll.dll
0x00007ffc59b90000 - 0x00007ffc59c54000 	C:\WINDOWS\System32\KERNEL32.DLL
0x00007ffc580d0000 - 0x00007ffc58476000 	C:\WINDOWS\System32\KERNELBASE.dll
0x00007ffc57da0000 - 0x00007ffc57eb1000 	C:\WINDOWS\System32\ucrtbase.dll
0x00007ffc51060000 - 0x00007ffc51078000 	C:\Program Files\Java\jdk-19\bin\jli.dll
0x00007ffc3ee10000 - 0x00007ffc3ee2b000 	C:\Program Files\Java\jdk-19\bin\VCRUNTIME140.dll
0x00007ffc5a2d0000 - 0x00007ffc5a380000 	C:\WINDOWS\System32\ADVAPI32.dll
0x00007ffc586c0000 - 0x00007ffc58767000 	C:\WINDOWS\System32\msvcrt.dll
0x00007ffc59130000 - 0x00007ffc591d6000 	C:\WINDOWS\System32\sechost.dll
0x00007ffc597f0000 - 0x00007ffc59907000 	C:\WINDOWS\System32\RPCRT4.dll
0x00007ffc5a730000 - 0x00007ffc5a8dd000 	C:\WINDOWS\System32\USER32.dll
0x00007ffc57cb0000 - 0x00007ffc57cd6000 	C:\WINDOWS\System32\win32u.dll
0x00007ffc58690000 - 0x00007ffc586b9000 	C:\WINDOWS\System32\GDI32.dll
0x00007ffc58570000 - 0x00007ffc58688000 	C:\WINDOWS\System32\gdi32full.dll
0x00007ffc3bef0000 - 0x00007ffc3c183000 	C:\WINDOWS\WinSxS\amd64_microsoft.windows.common-controls_6595b64144ccf1df_6.0.22621.2361_none_2712ced57382f843\COMCTL32.dll
0x00007ffc57ec0000 - 0x00007ffc57f5a000 	C:\WINDOWS\System32\msvcp_win.dll
0x00007ffc439b0000 - 0x00007ffc439ba000 	C:\WINDOWS\SYSTEM32\VERSION.dll
0x00007ffc59910000 - 0x00007ffc59941000 	C:\WINDOWS\System32\IMM32.DLL
0x00007ffc3fc50000 - 0x00007ffc3fc5c000 	C:\Program Files\Java\jdk-19\bin\vcruntime140_1.dll
0x00007ffc0ffa0000 - 0x00007ffc1002e000 	C:\Program Files\Java\jdk-19\bin\msvcp140.dll
0x00007ffc029c0000 - 0x00007ffc03680000 	C:\Program Files\Java\jdk-19\bin\server\jvm.dll
0x00007ffc381c0000 - 0x00007ffc381c9000 	C:\WINDOWS\SYSTEM32\WSOCK32.dll
0x00007ffc5a1f0000 - 0x00007ffc5a261000 	C:\WINDOWS\System32\WS2_32.dll
0x00007ffc4e8d0000 - 0x00007ffc4e904000 	C:\WINDOWS\SYSTEM32\WINMM.dll
0x00007ffc56c60000 - 0x00007ffc56c78000 	C:\WINDOWS\SYSTEM32\kernel.appcore.dll
0x00007ffc3ecb0000 - 0x00007ffc3ecba000 	C:\Program Files\Java\jdk-19\bin\jimage.dll
0x00007ffc554d0000 - 0x00007ffc556fe000 	C:\WINDOWS\SYSTEM32\DBGHELP.DLL
0x00007ffc59c60000 - 0x00007ffc59fea000 	C:\WINDOWS\System32\combase.dll
0x00007ffc59ab0000 - 0x00007ffc59b87000 	C:\WINDOWS\System32\OLEAUT32.dll
0x00007ffc37950000 - 0x00007ffc37982000 	C:\WINDOWS\SYSTEM32\dbgcore.DLL
0x00007ffc58480000 - 0x00007ffc584fa000 	C:\WINDOWS\System32\bcryptPrimitives.dll
0x00007ffc3ede0000 - 0x00007ffc3ee06000 	C:\Program Files\Java\jdk-19\bin\java.dll
0x00007ffc10da0000 - 0x00007ffc10e77000 	C:\Program Files\Java\jdk-19\bin\jsvml.dll
0x00007ffc588d0000 - 0x00007ffc59128000 	C:\WINDOWS\System32\SHELL32.dll
0x00007ffc55bc0000 - 0x00007ffc564b2000 	C:\WINDOWS\SYSTEM32\windows.storage.dll
0x00007ffc55a80000 - 0x00007ffc55bbe000 	C:\WINDOWS\SYSTEM32\wintypes.dll
0x00007ffc5a380000 - 0x00007ffc5a473000 	C:\WINDOWS\System32\SHCORE.dll
0x00007ffc5a270000 - 0x00007ffc5a2ce000 	C:\WINDOWS\System32\shlwapi.dll
0x00007ffc57be0000 - 0x00007ffc57c06000 	C:\WINDOWS\SYSTEM32\profapi.dll
0x00007ffc3ec90000 - 0x00007ffc3eca3000 	C:\Program Files\Java\jdk-19\bin\net.dll
0x00007ffc51c90000 - 0x00007ffc51dc7000 	C:\WINDOWS\SYSTEM32\WINHTTP.dll
0x00007ffc57170000 - 0x00007ffc571d9000 	C:\WINDOWS\system32\mswsock.dll
0x00007ffc28d40000 - 0x00007ffc28d56000 	C:\Program Files\Java\jdk-19\bin\nio.dll
0x00007ffc28ba0000 - 0x00007ffc28bb8000 	C:\Program Files\Java\jdk-19\bin\zip.dll
0x00007ffc0c990000 - 0x00007ffc0cb21000 	C:\Program Files\Java\jdk-19\bin\awt.dll
0x00007ffc549d0000 - 0x00007ffc54a67000 	C:\WINDOWS\SYSTEM32\apphelp.dll
0x00007ffc54f80000 - 0x00007ffc54fab000 	C:\WINDOWS\system32\DWMAPI.DLL
0x00007ffc54d50000 - 0x00007ffc54dfb000 	C:\WINDOWS\system32\uxtheme.dll
0x00007ffc10030000 - 0x00007ffc10130000 	C:\WINDOWS\system32\opengl32.dll
0x00007ffc4ed70000 - 0x00007ffc4ed9d000 	C:\WINDOWS\SYSTEM32\GLU32.dll
0x00007ffc54e30000 - 0x00007ffc54e66000 	C:\WINDOWS\SYSTEM32\dxcore.dll
0x00007ffc59960000 - 0x00007ffc59aac000 	C:\WINDOWS\System32\MSCTF.dll
0x00007ffc5a4a0000 - 0x00007ffc5a63f000 	C:\WINDOWS\System32\ole32.dll
0x00007ffc34510000 - 0x00007ffc34520000 	C:\Program Files\Java\jdk-19\bin\verify.dll
0x00007ffc0b950000 - 0x00007ffc0b9d6000 	C:\Program Files\Java\jdk-19\bin\freetype.dll
0x00007ffc0b880000 - 0x00007ffc0b945000 	C:\Program Files\Java\jdk-19\bin\fontmanager.dll
0x00007ffc591e0000 - 0x00007ffc59290000 	C:\WINDOWS\System32\clbcatq.dll
0x00007ffc53250000 - 0x00007ffc53400000 	C:\WINDOWS\SYSTEM32\WindowsCodecs.dll
0x00007ffc3ccc0000 - 0x00007ffc3cd1e000 	C:\WINDOWS\system32\dataexchange.dll
0x00007ffc505f0000 - 0x00007ffc50875000 	C:\WINDOWS\system32\twinapi.appcore.dll
0x00007ffc436d0000 - 0x00007ffc4381a000 	C:\WINDOWS\SYSTEM32\textinputframework.dll
0x00007ffc1cdf0000 - 0x00007ffc1d235000 	C:\Windows\System32\uiautomationcore.dll
0x00007ffc29d70000 - 0x00007ffc29dd9000 	C:\Windows\System32\OLEACC.dll
0x00007ffc54650000 - 0x00007ffc54783000 	C:\WINDOWS\SYSTEM32\CoreMessaging.dll
0x00007ffc51dd0000 - 0x00007ffc5213c000 	C:\WINDOWS\SYSTEM32\CoreUIComponents.dll
0x00007ffc573e0000 - 0x00007ffc573ec000 	C:\WINDOWS\SYSTEM32\CRYPTBASE.DLL

dbghelp: loaded successfully - version: 4.0.5 - missing functions: none
symbol engine: initialized successfully - sym options: 0x614 - pdb path: .;C:\Program Files\Java\jdk-19\bin;C:\WINDOWS\SYSTEM32;C:\WINDOWS\WinSxS\amd64_microsoft.windows.common-controls_6595b64144ccf1df_6.0.22621.2361_none_2712ced57382f843;C:\Program Files\Java\jdk-19\bin\server

VM Arguments:
jvm_args: -Dfile.encoding=UTF-8 --module-path=C:\Users\Dell\OneDrive\Documents\NetBeansProjects\Employee Management System\build\classes 
java_command: employee.management.system.AddEmployee
java_class_path (initial): E:\PROJECT\JAVA\New folder\mysql-connector-java-8.0.28.jar;E:\PROJECT\JAVA\New folder\jcalendar-tz-1.3.3-4.jar;E:\PROJECT\JAVA\New folder\rs2xml.jar;C:\Users\Dell\OneDrive\Documents\NetBeansProjects\Employee Management System\build\classes
Launcher Type: SUN_STANDARD

[Global flags]
     intx CICompilerCount                          = 4                                         {product} {ergonomic}
     uint ConcGCThreads                            = 3                                         {product} {ergonomic}
     uint G1ConcRefinementThreads                  = 10                                        {product} {ergonomic}
   size_t G1HeapRegionSize                         = 1048576                                   {product} {ergonomic}
    uintx GCDrainStackTargetSize                   = 64                                        {product} {ergonomic}
   size_t InitialHeapSize                          = 130023424                                 {product} {ergonomic}
   size_t MarkStackSize                            = 4194304                                   {product} {ergonomic}
   size_t MaxHeapSize                              = 2065694720                                {product} {ergonomic}
   size_t MaxNewSize                               = 1239416832                                {product} {ergonomic}
   size_t MinHeapDeltaBytes                        = 1048576                                   {product} {ergonomic}
   size_t MinHeapSize                              = 8388608                                   {product} {ergonomic}
    uintx NonNMethodCodeHeapSize                   = 5839372                                {pd product} {ergonomic}
    uintx NonProfiledCodeHeapSize                  = 122909434                              {pd product} {ergonomic}
    uintx ProfiledCodeHeapSize                     = 122909434                              {pd product} {ergonomic}
    uintx ReservedCodeCacheSize                    = 251658240                              {pd product} {ergonomic}
     bool SegmentedCodeCache                       = true                                      {product} {ergonomic}
   size_t SoftMaxHeapSize                          = 2065694720                             {manageable} {ergonomic}
     bool UseCompressedClassPointers               = true                           {product lp64_product} {ergonomic}
     bool UseCompressedOops                        = true                           {product lp64_product} {ergonomic}
     bool UseG1GC                                  = true                                      {product} {ergonomic}
     bool UseLargePagesIndividualAllocation        = false                                  {pd product} {ergonomic}

Logging:
Log output configuration:
 #0: stdout all=warning uptime,level,tags foldmultilines=false
 #1: stderr all=off uptime,level,tags foldmultilines=false

Environment Variables:
JAVA_HOME=C:\Program Files\Java\jdk-19
PATH=C:\Program Files\Common Files\Oracle\Java\javapath;C:\WINDOWS\system32;C:\WINDOWS;C:\WINDOWS\System32\Wbem;C:\WINDOWS\System32\WindowsPowerShell\v1.0\;C:\WINDOWS\System32\OpenSSH\;C:\Program Files\dotnet\;C:\Program Files\Java\jdk-19\bin;C:\Program Files\Git\cmd;C:\Program Files\nodejs\;C:\Program Files\MySQL\MySQL Server 8.0\bin;;C:\Program Files\Filestar;C:\ProgramData\Filestar\aliases;C:\Program Files\MySQL\MySQL Shell 8.0\bin\;C:\Users\Dell\AppData\Local\Microsoft\WindowsApps;C:\Users\Dell\AppData\Local\Programs\Microsoft VS Code\bin;C:\msys64;C:\Program Files\Java\jdk-19\bin;C:\ProgramData\Dell\GitHubDesktop\bin;C:\Users\Dell\AppData\Roaming\npm
USERNAME=Dell
OS=Windows_NT
PROCESSOR_IDENTIFIER=Intel64 Family 6 Model 154 Stepping 4, GenuineIntel
TMP=C:\Users\Dell\AppData\Local\Temp
TEMP=C:\Users\Dell\AppData\Local\Temp



---------------  S Y S T E M  ---------------

OS:
 Windows 11 , 64 bit Build 22621 (10.0.22621.2428)
OS uptime: 0 days 9:32 hours
Hyper-V role detected

CPU: total 12 (initial active 12) (6 cores per cpu, 2 threads per core) family 6 model 154 stepping 4 microcode 0x42a, cx8, cmov, fxsr, ht, mmx, 3dnowpref, sse, sse2, sse3, ssse3, sse4.1, sse4.2, popcnt, lzcnt, tsc, tscinvbit, avx, avx2, aes, erms, clmul, bmi1, bmi2, adx, sha, fma, vzeroupper, clflush, clflushopt, clwb, hv, serialize, rdtscp, rdpid, fsrm

Memory: 4k page, system-wide physical 7876M (428M free)
TotalPageFile size 25387M (AvailPageFile size 3M)
current process WorkingSet (physical memory assigned to process): 86M, peak: 86M
current process commit charge ("private bytes"): 233M, peak: 234M

vm_info: Java HotSpot(TM) 64-Bit Server VM (19.0.1+10-21) for windows-amd64 JRE (19.0.1+10-21), built on 2022-09-14T12:45:06Z by "mach5one" with MS VC++ 17.1 (VS2022)

END.
